\BOOKMARK [1][-]{section.1}{\376\377\000\332\000v\000o\000d}{}% 1
\BOOKMARK [1][-]{section.2}{\376\377\000A\000r\000c\000h\000i\000t\000e\000k\000t\000u\000r\000a\000\040\000a\000p\000l\000i\000k\000a\000c\000e}{}% 2
\BOOKMARK [2][-]{subsection.2.1}{\376\377\000A\000r\000c\000h\000i\000t\000e\000k\000t\000o\000n\000i\000c\000k\000\375\000\040\000s\000t\000y\000l}{section.2}% 3
\BOOKMARK [2][-]{subsection.2.2}{\376\377\000S\000c\000h\000\351\000m\000a\000\040\000a\000r\000c\000h\000i\000t\000e\000k\000t\000u\000r\000y}{section.2}% 4
\BOOKMARK [2][-]{subsection.2.3}{\376\377\000S\000c\000h\000\351\000m\000a\000\040\000r\000o\000z\000m\000\355\000s\000t\001\033\000n\000\355\000\040\000\050\000d\000e\000p\000l\000o\000y\000m\000e\000n\000t\000\051}{section.2}% 5
\BOOKMARK [2][-]{subsection.2.4}{\376\377\000P\000o\000u\001\176\000i\000t\000\351\000\040\000t\000e\000c\000h\000n\000o\000l\000o\000g\000i\000e\000\040\000a\000\040\000n\000\341\000s\000t\000r\000o\000j\000e}{section.2}% 6
\BOOKMARK [1][-]{section.3}{\376\377\000T\000e\000s\000t\000o\000v\000\341\000n\000\355}{}% 7
\BOOKMARK [2][-]{subsection.3.1}{\376\377\000S\000t\000r\000a\000t\000e\000g\000i\000e\000\040\000t\000e\000s\000t\000o\000v\000\341\000n\000\355}{section.3}% 8
\BOOKMARK [2][-]{subsection.3.2}{\376\377\000T\000y\000p\000y\000\040\000t\000e\000s\000t\001\157}{section.3}% 9
\BOOKMARK [2][-]{subsection.3.3}{\376\377\000P\000o\000u\001\176\000i\000t\000\351\000\040\000n\000\341\000s\000t\000r\000o\000j\000e}{section.3}% 10
\BOOKMARK [2][-]{subsection.3.4}{\376\377\000P\000o\000k\000r\000y\000t\000\355\000\040\000k\000\363\000d\000u}{section.3}% 11
\BOOKMARK [3][-]{subsubsection.3.4.1}{\376\377\000S\000t\000a\000t\000i\000s\000t\000i\000k\000a\000\040\000t\000e\000s\000t\001\157}{subsection.3.4}% 12
\BOOKMARK [3][-]{subsubsection.3.4.2}{\376\377\000N\000a\000m\001\033\001\131\000e\000n\000\351\000\040\000p\000o\000k\000r\000y\000t\000\355\000\040\000k\000\363\000d\000u}{subsection.3.4}% 13
\BOOKMARK [3][-]{subsubsection.3.4.3}{\376\377\000P\000o\000k\000r\000y\000t\000\355\000\040\000j\000e\000d\000n\000o\000t\000l\000i\000v\000\375\000c\000h\000\040\000t\001\131\000\355\000d\000\040\000v\000\040\000P\000e\000t\000r\000i\000E\000d\000i\000t\000o\000r\000.\000A\000n\000a\000l\000y\000s\000i\000s}{subsection.3.4}% 14
\BOOKMARK [3][-]{subsubsection.3.4.4}{\376\377\000R\000e\000p\000r\000o\000d\000u\000k\000c\000e\000\040\000v\000\375\000s\000l\000e\000d\000k\001\157}{subsection.3.4}% 15
\BOOKMARK [2][-]{subsection.3.5}{\376\377\000U\000k\000\341\000z\000k\000y\000\040\000t\000e\000s\000t\001\157}{section.3}% 16
\BOOKMARK [3][-]{subsubsection.3.5.1}{\376\377\000J\000e\000d\000n\000o\000t\000k\000o\000v\000\375\000\040\000t\000e\000s\000t\000\040\040\024\000\040\000i\000n\000v\000a\000r\000i\000a\000n\000t\000n\000\355\000\040\000v\000l\000a\000s\000t\000n\000o\000s\000t\000\040\000s\000i\000m\000u\000l\000\341\000t\000o\000r\000u}{subsection.3.5}% 17
\BOOKMARK [3][-]{subsubsection.3.5.2}{\376\377\000T\000h\000e\000o\000r\000y\000\040\000t\000e\000s\000t\000\040\040\024\000\040\000s\000\351\000m\000a\000n\000t\000i\000k\000a\000\040\000r\000e\000s\000e\000t\000\040\000h\000r\000a\000n}{subsection.3.5}% 18
\BOOKMARK [3][-]{subsubsection.3.5.3}{\376\377\000C\000r\000o\000s\000s\000-\000e\000n\000g\000i\000n\000e\000\040\000k\000o\000n\000z\000i\000s\000t\000e\000n\000c\000e}{subsection.3.5}% 19
\BOOKMARK [2][-]{subsection.3.6}{\376\377\000S\000t\000r\000a\000t\000e\000g\000i\000e\000\040\000t\000e\000s\000t\000o\000v\000\341\000n\000\355\000\040\040\024\000\040\000k\000d\000y\000\040\000a\000\040\000j\000a\000k}{section.3}% 20
\BOOKMARK [1][-]{section.4}{\376\377\000K\000o\000n\000f\000i\000g\000u\000r\000a\001\015\000n\000\355\000\040\000m\000a\000n\000a\000g\000e\000m\000e\000n\000t}{}% 21
\BOOKMARK [2][-]{subsection.4.1}{\376\377\000V\000e\000r\000z\000o\000v\000a\000c\000\355\000\040\000s\000y\000s\000t\000\351\000m}{section.4}% 22
\BOOKMARK [3][-]{subsubsection.4.1.1}{\376\377\000S\000t\000r\000u\000k\000t\000u\000r\000a\000\040\000r\000e\000p\000o\000z\000i\000t\000\341\001\131\000e}{subsection.4.1}% 23
\BOOKMARK [3][-]{subsubsection.4.1.2}{\376\377\000V\001\033\000t\000v\000e\000n\000\355\000\040\000a\000\040\000w\000o\000r\000k\000f\000l\000o\000w}{subsection.4.1}% 24
\BOOKMARK [2][-]{subsection.4.2}{\376\377\000B\000u\000i\000l\000d\000\040\000s\000y\000s\000t\000\351\000m}{section.4}% 25
\BOOKMARK [3][-]{subsubsection.4.2.1}{\376\377\000K\000l\000\355\001\015\000o\000v\000\351\000\040\000p\001\131\000\355\000k\000a\000z\000y}{subsection.4.2}% 26
\BOOKMARK [3][-]{subsubsection.4.2.2}{\376\377\000N\000u\000G\000e\000t\000\040\000z\000\341\000v\000i\000s\000l\000o\000s\000t\000i}{subsection.4.2}% 27
\BOOKMARK [2][-]{subsection.4.3}{\376\377\000K\000o\000n\000f\000i\000g\000u\000r\000a\000c\000e\000\040\000a\000p\000l\000i\000k\000a\000c\000e}{section.4}% 28
\BOOKMARK [3][-]{subsubsection.4.3.1}{\376\377\000a\000p\000p\000s\000e\000t\000t\000i\000n\000g\000s\000.\000j\000s\000o\000n\000\040\000\050\000s\000e\000r\000v\000e\000r\000\051}{subsection.4.3}% 29
\BOOKMARK [3][-]{subsubsection.4.3.2}{\376\377\000E\000n\000v\000i\000r\000o\000n\000m\000e\000n\000t\000\040\000v\000a\000r\000i\000a\000b\000l\000e\000s}{subsection.4.3}% 30
\BOOKMARK [3][-]{subsubsection.4.3.3}{\376\377\000K\000l\000i\000e\000n\000t\000s\000k\000\341\000\040\000k\000o\000n\000f\000i\000g\000u\000r\000a\000c\000e}{subsection.4.3}% 31
\BOOKMARK [2][-]{subsection.4.4}{\376\377\000D\000o\000c\000k\000e\000r\000i\000z\000a\000c\000e}{section.4}% 32
\BOOKMARK [2][-]{subsection.4.5}{\376\377\000C\000I\000/\000C\000D}{section.4}% 33
\BOOKMARK [1][-]{section.5}{\376\377\000B\000e\000z\000p\000e\001\015\000n\000o\000s\000t\000n\000\355\000\040\000o\000p\000a\000t\001\131\000e\000n\000\355\000\040\000a\000\040\000o\000m\000e\000z\000e\000n\000\355}{}% 34
\BOOKMARK [1][-]{section.6}{\376\377\000Z\000\341\000v\001\033\000r}{}% 35
